2021-02-03 13:09:22,000 INFO org.springframework.boot.StartupInfoLogger [restartedMain] Starting PetclinicApplication on DESKTOP-JLVBIMM with PID 4576 (C:\Users\alvar\git\dp1-2020-g2-08\target\classes started by alvar in C:\Users\alvar\git\dp1-2020-g2-08)
2021-02-03 13:09:22,000 INFO org.springframework.boot.SpringApplication [restartedMain] No active profile set, falling back to default profiles: default
2021-02-03 13:09:22,627 INFO org.springframework.data.repository.config.RepositoryConfigurationDelegate [restartedMain] Bootstrapping Spring Data JPA repositories in DEFAULT mode.
2021-02-03 13:09:22,717 INFO org.springframework.data.repository.config.RepositoryConfigurationDelegate [restartedMain] Finished Spring Data repository scanning in 89ms. Found 17 JPA repository interfaces.
2021-02-03 13:09:22,829 INFO org.springframework.context.support.PostProcessorRegistrationDelegate$BeanPostProcessorChecker [restartedMain] Bean 'org.springframework.transaction.annotation.ProxyTransactionManagementConfiguration' of type [org.springframework.transaction.annotation.ProxyTransactionManagementConfiguration] is not eligible for getting processed by all BeanPostProcessors (for example: not eligible for auto-proxying)
2021-02-03 13:09:22,975 INFO org.springframework.boot.web.embedded.tomcat.TomcatWebServer [restartedMain] Tomcat initialized with port(s): 8080 (http)
2021-02-03 13:09:22,976 INFO org.apache.juli.logging.DirectJDKLog [restartedMain] Initializing ProtocolHandler ["http-nio-8080"]
2021-02-03 13:09:22,977 INFO org.apache.juli.logging.DirectJDKLog [restartedMain] Starting service [Tomcat]
2021-02-03 13:09:22,978 INFO org.apache.juli.logging.DirectJDKLog [restartedMain] Starting Servlet engine: [Apache Tomcat/9.0.30]
2021-02-03 13:09:23,113 INFO org.apache.juli.logging.DirectJDKLog [restartedMain] At least one JAR was scanned for TLDs yet contained no TLDs. Enable debug logging for this logger for a complete list of JARs that were scanned but no TLDs were found in them. Skipping unneeded JARs during scanning can improve startup time and JSP compilation time.
2021-02-03 13:09:23,117 INFO org.apache.juli.logging.DirectJDKLog [restartedMain] Initializing Spring embedded WebApplicationContext
2021-02-03 13:09:23,117 INFO org.springframework.boot.web.servlet.context.ServletWebServerApplicationContext [restartedMain] Root WebApplicationContext: initialization completed in 1112 ms
2021-02-03 13:09:23,200 INFO com.zaxxer.hikari.HikariDataSource [restartedMain] HikariPool-3 - Starting...
2021-02-03 13:09:23,204 INFO com.zaxxer.hikari.HikariDataSource [restartedMain] HikariPool-3 - Start completed.
2021-02-03 13:09:23,204 INFO org.springframework.boot.autoconfigure.h2.H2ConsoleAutoConfiguration [restartedMain] H2 console available at '/h2-console'. Database available at 'jdbc:h2:mem:testdb'
2021-02-03 13:09:23,364 INFO org.hibernate.jpa.internal.util.LogHelper [restartedMain] HHH000204: Processing PersistenceUnitInfo [name: default]
2021-02-03 13:09:23,376 INFO org.hibernate.dialect.Dialect [restartedMain] HHH000400: Using dialect: org.hibernate.dialect.H2Dialect
2021-02-03 13:09:23,819 INFO org.hibernate.engine.transaction.jta.platform.internal.JtaPlatformInitiator [restartedMain] HHH000490: Using JtaPlatform implementation: [org.hibernate.engine.transaction.jta.platform.internal.NoJtaPlatform]
2021-02-03 13:09:23,820 INFO org.springframework.orm.jpa.AbstractEntityManagerFactoryBean [restartedMain] Initialized JPA EntityManagerFactory for persistence unit 'default'
2021-02-03 13:09:23,828 INFO org.springframework.boot.devtools.autoconfigure.OptionalLiveReloadServer [restartedMain] LiveReload server is running on port 35729
2021-02-03 13:09:23,917 WARN org.springframework.boot.autoconfigure.orm.jpa.JpaBaseConfiguration$JpaWebConfiguration [restartedMain] spring.jpa.open-in-view is enabled by default. Therefore, database queries may be performed during view rendering. Explicitly configure spring.jpa.open-in-view to disable this warning
2021-02-03 13:09:24,394 INFO org.springframework.security.web.DefaultSecurityFilterChain [restartedMain] Creating filter chain: any request, [org.springframework.security.web.context.request.async.WebAsyncManagerIntegrationFilter@33fabb18, org.springframework.security.web.context.SecurityContextPersistenceFilter@2eb5e759, org.springframework.security.web.header.HeaderWriterFilter@43dbae8e, org.springframework.security.web.csrf.CsrfFilter@401f4208, org.springframework.security.web.authentication.logout.LogoutFilter@6014f65b, org.springframework.security.web.authentication.UsernamePasswordAuthenticationFilter@4147c5ec, org.springframework.security.web.authentication.ui.DefaultLoginPageGeneratingFilter@50094dd1, org.springframework.security.web.authentication.ui.DefaultLogoutPageGeneratingFilter@714b2741, org.springframework.security.web.savedrequest.RequestCacheAwareFilter@5d6d89f4, org.springframework.security.web.servletapi.SecurityContextHolderAwareRequestFilter@435cf309, org.springframework.security.web.authentication.AnonymousAuthenticationFilter@7f879184, org.springframework.security.web.session.SessionManagementFilter@1400f8d3, org.springframework.security.web.access.ExceptionTranslationFilter@36e18bb, org.springframework.security.web.access.intercept.FilterSecurityInterceptor@1c124a16]
2021-02-03 13:09:24,452 INFO org.springframework.scheduling.concurrent.ExecutorConfigurationSupport [restartedMain] Initializing ExecutorService 'applicationTaskExecutor'
2021-02-03 13:09:24,791 INFO org.springframework.boot.actuate.endpoint.web.EndpointLinksResolver [restartedMain] Exposing 13 endpoint(s) beneath base path '/actuator'
2021-02-03 13:09:24,807 INFO org.apache.juli.logging.DirectJDKLog [restartedMain] Starting ProtocolHandler ["http-nio-8080"]
2021-02-03 13:09:24,812 INFO org.springframework.boot.web.embedded.tomcat.TomcatWebServer [restartedMain] Tomcat started on port(s): 8080 (http) with context path ''
2021-02-03 13:09:24,813 INFO org.springframework.boot.StartupInfoLogger [restartedMain] Started PetclinicApplication in 2.866 seconds (JVM running for 216.599)
2021-02-03 13:09:24,815 INFO org.springframework.boot.devtools.autoconfigure.ConditionEvaluationDeltaLoggingListener [restartedMain] Condition evaluation unchanged
2021-02-03 13:09:24,816 INFO org.springframework.samples.petclinic.PetclinicApplication [restartedMain] Se ha lanzado la aplicacion
2021-02-03 13:09:36,951 INFO org.apache.juli.logging.DirectJDKLog [http-nio-8080-exec-1] Initializing Spring DispatcherServlet 'dispatcherServlet'
2021-02-03 13:09:36,953 INFO org.springframework.web.servlet.FrameworkServlet [http-nio-8080-exec-1] Initializing Servlet 'dispatcherServlet'
2021-02-03 13:09:36,956 INFO org.springframework.web.servlet.FrameworkServlet [http-nio-8080-exec-1] Completed initialization in 3 ms
2021-02-03 13:09:38,728 INFO org.springframework.samples.petclinic.web.ShopClientController [http-nio-8080-exec-2] Se muestran los productos de la categoria Accessories
2021-02-03 13:10:07,842 INFO org.springframework.boot.StartupInfoLogger [restartedMain] Starting PetclinicApplication on DESKTOP-JLVBIMM with PID 8568 (C:\Users\alvar\git\dp1-2020-g2-08\target\classes started by alvar in C:\Users\alvar\git\dp1-2020-g2-08)
2021-02-03 13:10:07,845 INFO org.springframework.boot.SpringApplication [restartedMain] No active profile set, falling back to default profiles: default
2021-02-03 13:10:07,909 INFO org.springframework.boot.logging.DeferredLog [restartedMain] The Class-Path manifest attribute in C:\Users\alvar\.m2\repository\org\glassfish\jaxb\jaxb-runtime\2.3.2\jaxb-runtime-2.3.2.jar referenced one or more files that do not exist: file:/C:/Users/alvar/.m2/repository/org/glassfish/jaxb/jaxb-runtime/2.3.2/jakarta.xml.bind-api-2.3.2.jar,file:/C:/Users/alvar/.m2/repository/org/glassfish/jaxb/jaxb-runtime/2.3.2/txw2-2.3.2.jar,file:/C:/Users/alvar/.m2/repository/org/glassfish/jaxb/jaxb-runtime/2.3.2/istack-commons-runtime-3.0.8.jar,file:/C:/Users/alvar/.m2/repository/org/glassfish/jaxb/jaxb-runtime/2.3.2/stax-ex-1.8.1.jar,file:/C:/Users/alvar/.m2/repository/org/glassfish/jaxb/jaxb-runtime/2.3.2/FastInfoset-1.2.16.jar,file:/C:/Users/alvar/.m2/repository/org/glassfish/jaxb/jaxb-runtime/2.3.2/jakarta.activation-api-1.2.1.jar
2021-02-03 13:10:07,910 INFO org.springframework.boot.logging.DeferredLog [restartedMain] Devtools property defaults active! Set 'spring.devtools.add-properties' to 'false' to disable
2021-02-03 13:10:07,910 INFO org.springframework.boot.logging.DeferredLog [restartedMain] For additional web related logging consider setting the 'logging.level.web' property to 'DEBUG'
2021-02-03 13:10:09,495 INFO org.springframework.data.repository.config.RepositoryConfigurationDelegate [restartedMain] Bootstrapping Spring Data JPA repositories in DEFAULT mode.
2021-02-03 13:10:09,662 INFO org.springframework.data.repository.config.RepositoryConfigurationDelegate [restartedMain] Finished Spring Data repository scanning in 151ms. Found 17 JPA repository interfaces.
2021-02-03 13:10:10,274 INFO org.springframework.context.support.PostProcessorRegistrationDelegate$BeanPostProcessorChecker [restartedMain] Bean 'org.springframework.transaction.annotation.ProxyTransactionManagementConfiguration' of type [org.springframework.transaction.annotation.ProxyTransactionManagementConfiguration] is not eligible for getting processed by all BeanPostProcessors (for example: not eligible for auto-proxying)
2021-02-03 13:10:11,080 INFO org.springframework.boot.web.embedded.tomcat.TomcatWebServer [restartedMain] Tomcat initialized with port(s): 8080 (http)
2021-02-03 13:10:11,098 INFO org.apache.juli.logging.DirectJDKLog [restartedMain] Initializing ProtocolHandler ["http-nio-8080"]
2021-02-03 13:10:11,099 INFO org.apache.juli.logging.DirectJDKLog [restartedMain] Starting service [Tomcat]
2021-02-03 13:10:11,099 INFO org.apache.juli.logging.DirectJDKLog [restartedMain] Starting Servlet engine: [Apache Tomcat/9.0.30]
2021-02-03 13:10:11,458 INFO org.apache.juli.logging.DirectJDKLog [restartedMain] At least one JAR was scanned for TLDs yet contained no TLDs. Enable debug logging for this logger for a complete list of JARs that were scanned but no TLDs were found in them. Skipping unneeded JARs during scanning can improve startup time and JSP compilation time.
2021-02-03 13:10:11,466 INFO org.apache.juli.logging.DirectJDKLog [restartedMain] Initializing Spring embedded WebApplicationContext
2021-02-03 13:10:11,467 INFO org.springframework.boot.web.servlet.context.ServletWebServerApplicationContext [restartedMain] Root WebApplicationContext: initialization completed in 3556 ms
2021-02-03 13:10:11,703 INFO com.zaxxer.hikari.HikariDataSource [restartedMain] HikariPool-1 - Starting...
2021-02-03 13:10:12,048 INFO com.zaxxer.hikari.HikariDataSource [restartedMain] HikariPool-1 - Start completed.
2021-02-03 13:10:12,057 INFO org.springframework.boot.autoconfigure.h2.H2ConsoleAutoConfiguration [restartedMain] H2 console available at '/h2-console'. Database available at 'jdbc:h2:mem:testdb'
2021-02-03 13:10:12,663 INFO org.hibernate.jpa.internal.util.LogHelper [restartedMain] HHH000204: Processing PersistenceUnitInfo [name: default]
2021-02-03 13:10:12,819 INFO org.hibernate.Version [restartedMain] HHH000412: Hibernate Core {5.4.10.Final}
2021-02-03 13:10:13,070 INFO org.hibernate.annotations.common.reflection.java.JavaReflectionManager [restartedMain] HCANN000001: Hibernate Commons Annotations {5.1.0.Final}
2021-02-03 13:10:13,245 INFO org.hibernate.dialect.Dialect [restartedMain] HHH000400: Using dialect: org.hibernate.dialect.H2Dialect
2021-02-03 13:10:14,625 INFO org.hibernate.engine.transaction.jta.platform.internal.JtaPlatformInitiator [restartedMain] HHH000490: Using JtaPlatform implementation: [org.hibernate.engine.transaction.jta.platform.internal.NoJtaPlatform]
2021-02-03 13:10:14,639 INFO org.springframework.orm.jpa.AbstractEntityManagerFactoryBean [restartedMain] Initialized JPA EntityManagerFactory for persistence unit 'default'
2021-02-03 13:10:14,800 INFO org.springframework.boot.devtools.autoconfigure.OptionalLiveReloadServer [restartedMain] LiveReload server is running on port 35729
2021-02-03 13:10:15,043 WARN org.springframework.boot.autoconfigure.orm.jpa.JpaBaseConfiguration$JpaWebConfiguration [restartedMain] spring.jpa.open-in-view is enabled by default. Therefore, database queries may be performed during view rendering. Explicitly configure spring.jpa.open-in-view to disable this warning
2021-02-03 13:10:16,593 INFO org.springframework.security.web.DefaultSecurityFilterChain [restartedMain] Creating filter chain: any request, [org.springframework.security.web.context.request.async.WebAsyncManagerIntegrationFilter@5fde3798, org.springframework.security.web.context.SecurityContextPersistenceFilter@20acabb0, org.springframework.security.web.header.HeaderWriterFilter@59118260, org.springframework.security.web.csrf.CsrfFilter@22726a4a, org.springframework.security.web.authentication.logout.LogoutFilter@d5bd6bf, org.springframework.security.web.authentication.UsernamePasswordAuthenticationFilter@3c4f56b4, org.springframework.security.web.authentication.ui.DefaultLoginPageGeneratingFilter@2ce932d8, org.springframework.security.web.authentication.ui.DefaultLogoutPageGeneratingFilter@5d7212bd, org.springframework.security.web.savedrequest.RequestCacheAwareFilter@283c21ce, org.springframework.security.web.servletapi.SecurityContextHolderAwareRequestFilter@4d6dae78, org.springframework.security.web.authentication.AnonymousAuthenticationFilter@6b0450, org.springframework.security.web.session.SessionManagementFilter@2e4a8e4a, org.springframework.security.web.access.ExceptionTranslationFilter@24e85e70, org.springframework.security.web.access.intercept.FilterSecurityInterceptor@58c48432]
2021-02-03 13:10:16,769 INFO org.springframework.scheduling.concurrent.ExecutorConfigurationSupport [restartedMain] Initializing ExecutorService 'applicationTaskExecutor'
2021-02-03 13:10:17,854 INFO org.springframework.boot.actuate.endpoint.web.EndpointLinksResolver [restartedMain] Exposing 13 endpoint(s) beneath base path '/actuator'
2021-02-03 13:10:17,909 INFO org.apache.juli.logging.DirectJDKLog [restartedMain] Starting ProtocolHandler ["http-nio-8080"]
2021-02-03 13:10:17,962 INFO org.springframework.boot.web.embedded.tomcat.TomcatWebServer [restartedMain] Tomcat started on port(s): 8080 (http) with context path ''
2021-02-03 13:10:17,965 INFO org.springframework.boot.StartupInfoLogger [restartedMain] Started PetclinicApplication in 10.573 seconds (JVM running for 11.323)
2021-02-03 13:10:18,015 INFO org.springframework.samples.petclinic.PetclinicApplication [restartedMain] Se ha lanzado la aplicacion
2021-02-03 13:10:29,737 INFO org.apache.juli.logging.DirectJDKLog [http-nio-8080-exec-2] Initializing Spring DispatcherServlet 'dispatcherServlet'
2021-02-03 13:10:29,737 INFO org.springframework.web.servlet.FrameworkServlet [http-nio-8080-exec-2] Initializing Servlet 'dispatcherServlet'
2021-02-03 13:10:29,747 INFO org.springframework.web.servlet.FrameworkServlet [http-nio-8080-exec-2] Completed initialization in 9 ms
2021-02-03 13:10:29,975 INFO org.springframework.samples.petclinic.web.ShopClientController [http-nio-8080-exec-2] Se muestran los productos de la categoria Accessories
2021-02-03 13:10:31,220 INFO org.springframework.samples.petclinic.web.ShopClientController [http-nio-8080-exec-3] Se muestran los productos de la categoria Food
2021-02-03 13:10:32,963 INFO org.springframework.samples.petclinic.web.ShopClientController [http-nio-8080-exec-4] Se muestran los productos de la categoria Toys
2021-02-03 13:10:33,747 INFO org.springframework.samples.petclinic.web.ShopClientController [http-nio-8080-exec-1] Se muestran los productos de la categoria Pets
