2021-02-03 13:09:22,000 INFO org.springframework.boot.StartupInfoLogger [restartedMain] Starting PetclinicApplication on DESKTOP-JLVBIMM with PID 4576 (C:\Users\alvar\git\dp1-2020-g2-08\target\classes started by alvar in C:\Users\alvar\git\dp1-2020-g2-08)
2021-02-03 13:09:22,000 INFO org.springframework.boot.SpringApplication [restartedMain] No active profile set, falling back to default profiles: default
2021-02-03 13:09:22,627 INFO org.springframework.data.repository.config.RepositoryConfigurationDelegate [restartedMain] Bootstrapping Spring Data JPA repositories in DEFAULT mode.
2021-02-03 13:09:22,717 INFO org.springframework.data.repository.config.RepositoryConfigurationDelegate [restartedMain] Finished Spring Data repository scanning in 89ms. Found 17 JPA repository interfaces.
2021-02-03 13:09:22,829 INFO org.springframework.context.support.PostProcessorRegistrationDelegate$BeanPostProcessorChecker [restartedMain] Bean 'org.springframework.transaction.annotation.ProxyTransactionManagementConfiguration' of type [org.springframework.transaction.annotation.ProxyTransactionManagementConfiguration] is not eligible for getting processed by all BeanPostProcessors (for example: not eligible for auto-proxying)
2021-02-03 13:09:22,975 INFO org.springframework.boot.web.embedded.tomcat.TomcatWebServer [restartedMain] Tomcat initialized with port(s): 8080 (http)
2021-02-03 13:09:22,976 INFO org.apache.juli.logging.DirectJDKLog [restartedMain] Initializing ProtocolHandler ["http-nio-8080"]
2021-02-03 13:09:22,977 INFO org.apache.juli.logging.DirectJDKLog [restartedMain] Starting service [Tomcat]
2021-02-03 13:09:22,978 INFO org.apache.juli.logging.DirectJDKLog [restartedMain] Starting Servlet engine: [Apache Tomcat/9.0.30]
2021-02-03 13:09:23,113 INFO org.apache.juli.logging.DirectJDKLog [restartedMain] At least one JAR was scanned for TLDs yet contained no TLDs. Enable debug logging for this logger for a complete list of JARs that were scanned but no TLDs were found in them. Skipping unneeded JARs during scanning can improve startup time and JSP compilation time.
2021-02-03 13:09:23,117 INFO org.apache.juli.logging.DirectJDKLog [restartedMain] Initializing Spring embedded WebApplicationContext
2021-02-03 13:09:23,117 INFO org.springframework.boot.web.servlet.context.ServletWebServerApplicationContext [restartedMain] Root WebApplicationContext: initialization completed in 1112 ms
2021-02-03 13:09:23,200 INFO com.zaxxer.hikari.HikariDataSource [restartedMain] HikariPool-3 - Starting...
2021-02-03 13:09:23,204 INFO com.zaxxer.hikari.HikariDataSource [restartedMain] HikariPool-3 - Start completed.
2021-02-03 13:09:23,204 INFO org.springframework.boot.autoconfigure.h2.H2ConsoleAutoConfiguration [restartedMain] H2 console available at '/h2-console'. Database available at 'jdbc:h2:mem:testdb'
2021-02-03 13:09:23,364 INFO org.hibernate.jpa.internal.util.LogHelper [restartedMain] HHH000204: Processing PersistenceUnitInfo [name: default]
2021-02-03 13:09:23,376 INFO org.hibernate.dialect.Dialect [restartedMain] HHH000400: Using dialect: org.hibernate.dialect.H2Dialect
2021-02-03 13:09:23,819 INFO org.hibernate.engine.transaction.jta.platform.internal.JtaPlatformInitiator [restartedMain] HHH000490: Using JtaPlatform implementation: [org.hibernate.engine.transaction.jta.platform.internal.NoJtaPlatform]
2021-02-03 13:09:23,820 INFO org.springframework.orm.jpa.AbstractEntityManagerFactoryBean [restartedMain] Initialized JPA EntityManagerFactory for persistence unit 'default'
2021-02-03 13:09:23,828 INFO org.springframework.boot.devtools.autoconfigure.OptionalLiveReloadServer [restartedMain] LiveReload server is running on port 35729
2021-02-03 13:09:23,917 WARN org.springframework.boot.autoconfigure.orm.jpa.JpaBaseConfiguration$JpaWebConfiguration [restartedMain] spring.jpa.open-in-view is enabled by default. Therefore, database queries may be performed during view rendering. Explicitly configure spring.jpa.open-in-view to disable this warning
2021-02-03 13:09:24,394 INFO org.springframework.security.web.DefaultSecurityFilterChain [restartedMain] Creating filter chain: any request, [org.springframework.security.web.context.request.async.WebAsyncManagerIntegrationFilter@33fabb18, org.springframework.security.web.context.SecurityContextPersistenceFilter@2eb5e759, org.springframework.security.web.header.HeaderWriterFilter@43dbae8e, org.springframework.security.web.csrf.CsrfFilter@401f4208, org.springframework.security.web.authentication.logout.LogoutFilter@6014f65b, org.springframework.security.web.authentication.UsernamePasswordAuthenticationFilter@4147c5ec, org.springframework.security.web.authentication.ui.DefaultLoginPageGeneratingFilter@50094dd1, org.springframework.security.web.authentication.ui.DefaultLogoutPageGeneratingFilter@714b2741, org.springframework.security.web.savedrequest.RequestCacheAwareFilter@5d6d89f4, org.springframework.security.web.servletapi.SecurityContextHolderAwareRequestFilter@435cf309, org.springframework.security.web.authentication.AnonymousAuthenticationFilter@7f879184, org.springframework.security.web.session.SessionManagementFilter@1400f8d3, org.springframework.security.web.access.ExceptionTranslationFilter@36e18bb, org.springframework.security.web.access.intercept.FilterSecurityInterceptor@1c124a16]
2021-02-03 13:09:24,452 INFO org.springframework.scheduling.concurrent.ExecutorConfigurationSupport [restartedMain] Initializing ExecutorService 'applicationTaskExecutor'
2021-02-03 13:09:24,791 INFO org.springframework.boot.actuate.endpoint.web.EndpointLinksResolver [restartedMain] Exposing 13 endpoint(s) beneath base path '/actuator'
2021-02-03 13:09:24,807 INFO org.apache.juli.logging.DirectJDKLog [restartedMain] Starting ProtocolHandler ["http-nio-8080"]
2021-02-03 13:09:24,812 INFO org.springframework.boot.web.embedded.tomcat.TomcatWebServer [restartedMain] Tomcat started on port(s): 8080 (http) with context path ''
2021-02-03 13:09:24,813 INFO org.springframework.boot.StartupInfoLogger [restartedMain] Started PetclinicApplication in 2.866 seconds (JVM running for 216.599)
2021-02-03 13:09:24,815 INFO org.springframework.boot.devtools.autoconfigure.ConditionEvaluationDeltaLoggingListener [restartedMain] Condition evaluation unchanged
2021-02-03 13:09:24,816 INFO org.springframework.samples.petclinic.PetclinicApplication [restartedMain] Se ha lanzado la aplicacion
2021-02-03 13:09:36,951 INFO org.apache.juli.logging.DirectJDKLog [http-nio-8080-exec-1] Initializing Spring DispatcherServlet 'dispatcherServlet'
2021-02-03 13:09:36,953 INFO org.springframework.web.servlet.FrameworkServlet [http-nio-8080-exec-1] Initializing Servlet 'dispatcherServlet'
2021-02-03 13:09:36,956 INFO org.springframework.web.servlet.FrameworkServlet [http-nio-8080-exec-1] Completed initialization in 3 ms
2021-02-03 13:09:38,728 INFO org.springframework.samples.petclinic.web.ShopClientController [http-nio-8080-exec-2] Se muestran los productos de la categoria Accessories
2021-02-03 13:10:07,842 INFO org.springframework.boot.StartupInfoLogger [restartedMain] Starting PetclinicApplication on DESKTOP-JLVBIMM with PID 8568 (C:\Users\alvar\git\dp1-2020-g2-08\target\classes started by alvar in C:\Users\alvar\git\dp1-2020-g2-08)
2021-02-03 13:10:07,845 INFO org.springframework.boot.SpringApplication [restartedMain] No active profile set, falling back to default profiles: default
2021-02-03 13:10:07,909 INFO org.springframework.boot.logging.DeferredLog [restartedMain] The Class-Path manifest attribute in C:\Users\alvar\.m2\repository\org\glassfish\jaxb\jaxb-runtime\2.3.2\jaxb-runtime-2.3.2.jar referenced one or more files that do not exist: file:/C:/Users/alvar/.m2/repository/org/glassfish/jaxb/jaxb-runtime/2.3.2/jakarta.xml.bind-api-2.3.2.jar,file:/C:/Users/alvar/.m2/repository/org/glassfish/jaxb/jaxb-runtime/2.3.2/txw2-2.3.2.jar,file:/C:/Users/alvar/.m2/repository/org/glassfish/jaxb/jaxb-runtime/2.3.2/istack-commons-runtime-3.0.8.jar,file:/C:/Users/alvar/.m2/repository/org/glassfish/jaxb/jaxb-runtime/2.3.2/stax-ex-1.8.1.jar,file:/C:/Users/alvar/.m2/repository/org/glassfish/jaxb/jaxb-runtime/2.3.2/FastInfoset-1.2.16.jar,file:/C:/Users/alvar/.m2/repository/org/glassfish/jaxb/jaxb-runtime/2.3.2/jakarta.activation-api-1.2.1.jar
2021-02-03 13:10:07,910 INFO org.springframework.boot.logging.DeferredLog [restartedMain] Devtools property defaults active! Set 'spring.devtools.add-properties' to 'false' to disable
2021-02-03 13:10:07,910 INFO org.springframework.boot.logging.DeferredLog [restartedMain] For additional web related logging consider setting the 'logging.level.web' property to 'DEBUG'
2021-02-03 13:10:09,495 INFO org.springframework.data.repository.config.RepositoryConfigurationDelegate [restartedMain] Bootstrapping Spring Data JPA repositories in DEFAULT mode.
2021-02-03 13:10:09,662 INFO org.springframework.data.repository.config.RepositoryConfigurationDelegate [restartedMain] Finished Spring Data repository scanning in 151ms. Found 17 JPA repository interfaces.
2021-02-03 13:10:10,274 INFO org.springframework.context.support.PostProcessorRegistrationDelegate$BeanPostProcessorChecker [restartedMain] Bean 'org.springframework.transaction.annotation.ProxyTransactionManagementConfiguration' of type [org.springframework.transaction.annotation.ProxyTransactionManagementConfiguration] is not eligible for getting processed by all BeanPostProcessors (for example: not eligible for auto-proxying)
2021-02-03 13:10:11,080 INFO org.springframework.boot.web.embedded.tomcat.TomcatWebServer [restartedMain] Tomcat initialized with port(s): 8080 (http)
2021-02-03 13:10:11,098 INFO org.apache.juli.logging.DirectJDKLog [restartedMain] Initializing ProtocolHandler ["http-nio-8080"]
2021-02-03 13:10:11,099 INFO org.apache.juli.logging.DirectJDKLog [restartedMain] Starting service [Tomcat]
2021-02-03 13:10:11,099 INFO org.apache.juli.logging.DirectJDKLog [restartedMain] Starting Servlet engine: [Apache Tomcat/9.0.30]
2021-02-03 13:10:11,458 INFO org.apache.juli.logging.DirectJDKLog [restartedMain] At least one JAR was scanned for TLDs yet contained no TLDs. Enable debug logging for this logger for a complete list of JARs that were scanned but no TLDs were found in them. Skipping unneeded JARs during scanning can improve startup time and JSP compilation time.
2021-02-03 13:10:11,466 INFO org.apache.juli.logging.DirectJDKLog [restartedMain] Initializing Spring embedded WebApplicationContext
2021-02-03 13:10:11,467 INFO org.springframework.boot.web.servlet.context.ServletWebServerApplicationContext [restartedMain] Root WebApplicationContext: initialization completed in 3556 ms
2021-02-03 13:10:11,703 INFO com.zaxxer.hikari.HikariDataSource [restartedMain] HikariPool-1 - Starting...
2021-02-03 13:10:12,048 INFO com.zaxxer.hikari.HikariDataSource [restartedMain] HikariPool-1 - Start completed.
2021-02-03 13:10:12,057 INFO org.springframework.boot.autoconfigure.h2.H2ConsoleAutoConfiguration [restartedMain] H2 console available at '/h2-console'. Database available at 'jdbc:h2:mem:testdb'
2021-02-03 13:10:12,663 INFO org.hibernate.jpa.internal.util.LogHelper [restartedMain] HHH000204: Processing PersistenceUnitInfo [name: default]
2021-02-03 13:10:12,819 INFO org.hibernate.Version [restartedMain] HHH000412: Hibernate Core {5.4.10.Final}
2021-02-03 13:10:13,070 INFO org.hibernate.annotations.common.reflection.java.JavaReflectionManager [restartedMain] HCANN000001: Hibernate Commons Annotations {5.1.0.Final}
2021-02-03 13:10:13,245 INFO org.hibernate.dialect.Dialect [restartedMain] HHH000400: Using dialect: org.hibernate.dialect.H2Dialect
2021-02-03 13:10:14,625 INFO org.hibernate.engine.transaction.jta.platform.internal.JtaPlatformInitiator [restartedMain] HHH000490: Using JtaPlatform implementation: [org.hibernate.engine.transaction.jta.platform.internal.NoJtaPlatform]
2021-02-03 13:10:14,639 INFO org.springframework.orm.jpa.AbstractEntityManagerFactoryBean [restartedMain] Initialized JPA EntityManagerFactory for persistence unit 'default'
2021-02-03 13:10:14,800 INFO org.springframework.boot.devtools.autoconfigure.OptionalLiveReloadServer [restartedMain] LiveReload server is running on port 35729
2021-02-03 13:10:15,043 WARN org.springframework.boot.autoconfigure.orm.jpa.JpaBaseConfiguration$JpaWebConfiguration [restartedMain] spring.jpa.open-in-view is enabled by default. Therefore, database queries may be performed during view rendering. Explicitly configure spring.jpa.open-in-view to disable this warning
2021-02-03 13:10:16,593 INFO org.springframework.security.web.DefaultSecurityFilterChain [restartedMain] Creating filter chain: any request, [org.springframework.security.web.context.request.async.WebAsyncManagerIntegrationFilter@5fde3798, org.springframework.security.web.context.SecurityContextPersistenceFilter@20acabb0, org.springframework.security.web.header.HeaderWriterFilter@59118260, org.springframework.security.web.csrf.CsrfFilter@22726a4a, org.springframework.security.web.authentication.logout.LogoutFilter@d5bd6bf, org.springframework.security.web.authentication.UsernamePasswordAuthenticationFilter@3c4f56b4, org.springframework.security.web.authentication.ui.DefaultLoginPageGeneratingFilter@2ce932d8, org.springframework.security.web.authentication.ui.DefaultLogoutPageGeneratingFilter@5d7212bd, org.springframework.security.web.savedrequest.RequestCacheAwareFilter@283c21ce, org.springframework.security.web.servletapi.SecurityContextHolderAwareRequestFilter@4d6dae78, org.springframework.security.web.authentication.AnonymousAuthenticationFilter@6b0450, org.springframework.security.web.session.SessionManagementFilter@2e4a8e4a, org.springframework.security.web.access.ExceptionTranslationFilter@24e85e70, org.springframework.security.web.access.intercept.FilterSecurityInterceptor@58c48432]
2021-02-03 13:10:16,769 INFO org.springframework.scheduling.concurrent.ExecutorConfigurationSupport [restartedMain] Initializing ExecutorService 'applicationTaskExecutor'
2021-02-03 13:10:17,854 INFO org.springframework.boot.actuate.endpoint.web.EndpointLinksResolver [restartedMain] Exposing 13 endpoint(s) beneath base path '/actuator'
2021-02-03 13:10:17,909 INFO org.apache.juli.logging.DirectJDKLog [restartedMain] Starting ProtocolHandler ["http-nio-8080"]
2021-02-03 13:10:17,962 INFO org.springframework.boot.web.embedded.tomcat.TomcatWebServer [restartedMain] Tomcat started on port(s): 8080 (http) with context path ''
2021-02-03 13:10:17,965 INFO org.springframework.boot.StartupInfoLogger [restartedMain] Started PetclinicApplication in 10.573 seconds (JVM running for 11.323)
2021-02-03 13:10:18,015 INFO org.springframework.samples.petclinic.PetclinicApplication [restartedMain] Se ha lanzado la aplicacion
2021-02-03 13:10:29,737 INFO org.apache.juli.logging.DirectJDKLog [http-nio-8080-exec-2] Initializing Spring DispatcherServlet 'dispatcherServlet'
2021-02-03 13:10:29,737 INFO org.springframework.web.servlet.FrameworkServlet [http-nio-8080-exec-2] Initializing Servlet 'dispatcherServlet'
2021-02-03 13:10:29,747 INFO org.springframework.web.servlet.FrameworkServlet [http-nio-8080-exec-2] Completed initialization in 9 ms
2021-02-03 13:10:29,975 INFO org.springframework.samples.petclinic.web.ShopClientController [http-nio-8080-exec-2] Se muestran los productos de la categoria Accessories
2021-02-03 13:10:31,220 INFO org.springframework.samples.petclinic.web.ShopClientController [http-nio-8080-exec-3] Se muestran los productos de la categoria Food
2021-02-03 13:10:32,963 INFO org.springframework.samples.petclinic.web.ShopClientController [http-nio-8080-exec-4] Se muestran los productos de la categoria Toys
2021-02-03 13:10:33,747 INFO org.springframework.samples.petclinic.web.ShopClientController [http-nio-8080-exec-1] Se muestran los productos de la categoria Pets
2021-02-04 17:46:15,106 INFO org.springframework.boot.StartupInfoLogger [restartedMain] Starting PetclinicApplication on DESKTOP-KJCJN26 with PID 7160 (C:\Users\Manuel\Desktop\DP1\PetClinic\dp1-2020-g2-08\target\classes started by Manuel in C:\Users\Manuel\Desktop\DP1\PetClinic\dp1-2020-g2-08)
2021-02-04 17:46:15,112 INFO org.springframework.boot.SpringApplication [restartedMain] No active profile set, falling back to default profiles: default
2021-02-04 17:46:18,207 INFO org.springframework.data.repository.config.RepositoryConfigurationDelegate [restartedMain] Bootstrapping Spring Data JPA repositories in DEFAULT mode.
2021-02-04 17:46:18,515 INFO org.springframework.data.repository.config.RepositoryConfigurationDelegate [restartedMain] Finished Spring Data repository scanning in 307ms. Found 17 JPA repository interfaces.
2021-02-04 17:46:18,908 INFO org.springframework.context.support.PostProcessorRegistrationDelegate$BeanPostProcessorChecker [restartedMain] Bean 'org.springframework.transaction.annotation.ProxyTransactionManagementConfiguration' of type [org.springframework.transaction.annotation.ProxyTransactionManagementConfiguration] is not eligible for getting processed by all BeanPostProcessors (for example: not eligible for auto-proxying)
2021-02-04 17:46:19,088 INFO org.springframework.boot.web.embedded.tomcat.TomcatWebServer [restartedMain] Tomcat initialized with port(s): 8080 (http)
2021-02-04 17:46:19,091 INFO org.apache.juli.logging.DirectJDKLog [restartedMain] Starting service [Tomcat]
2021-02-04 17:46:19,125 INFO org.apache.juli.logging.DirectJDKLog [restartedMain] Starting Servlet engine: [Apache Tomcat/9.0.30]
2021-02-04 17:46:19,427 INFO org.apache.juli.logging.DirectJDKLog [restartedMain] At least one JAR was scanned for TLDs yet contained no TLDs. Enable debug logging for this logger for a complete list of JARs that were scanned but no TLDs were found in them. Skipping unneeded JARs during scanning can improve startup time and JSP compilation time.
2021-02-04 17:46:19,432 INFO org.apache.juli.logging.DirectJDKLog [restartedMain] Initializing Spring embedded WebApplicationContext
2021-02-04 17:46:19,438 INFO org.springframework.boot.web.servlet.context.ServletWebServerApplicationContext [restartedMain] Root WebApplicationContext: initialization completed in 4319 ms
2021-02-04 17:46:19,501 INFO com.zaxxer.hikari.HikariDataSource [restartedMain] HikariPool-4 - Starting...
2021-02-04 17:46:19,504 INFO com.zaxxer.hikari.HikariDataSource [restartedMain] HikariPool-4 - Start completed.
2021-02-04 17:46:19,505 INFO org.springframework.boot.autoconfigure.h2.H2ConsoleAutoConfiguration [restartedMain] H2 console available at '/h2-console'. Database available at 'jdbc:h2:mem:testdb'
2021-02-04 17:46:19,606 INFO org.hibernate.jpa.internal.util.LogHelper [restartedMain] HHH000204: Processing PersistenceUnitInfo [name: default]
2021-02-04 17:46:19,718 INFO org.hibernate.dialect.Dialect [restartedMain] HHH000400: Using dialect: org.hibernate.dialect.H2Dialect
2021-02-04 17:46:20,382 INFO org.hibernate.engine.transaction.jta.platform.internal.JtaPlatformInitiator [restartedMain] HHH000490: Using JtaPlatform implementation: [org.hibernate.engine.transaction.jta.platform.internal.NoJtaPlatform]
2021-02-04 17:46:20,384 INFO org.springframework.orm.jpa.AbstractEntityManagerFactoryBean [restartedMain] Initialized JPA EntityManagerFactory for persistence unit 'default'
2021-02-04 17:46:20,392 INFO org.springframework.boot.devtools.autoconfigure.OptionalLiveReloadServer [restartedMain] LiveReload server is running on port 35729
2021-02-04 17:46:20,454 WARN org.springframework.boot.autoconfigure.orm.jpa.JpaBaseConfiguration$JpaWebConfiguration [restartedMain] spring.jpa.open-in-view is enabled by default. Therefore, database queries may be performed during view rendering. Explicitly configure spring.jpa.open-in-view to disable this warning
2021-02-04 17:46:21,139 WARN org.springframework.context.support.AbstractApplicationContext [restartedMain] Exception encountered during context initialization - cancelling refresh attempt: org.springframework.beans.factory.UnsatisfiedDependencyException: Error creating bean with name 'bookingController' defined in file [C:\Users\Manuel\Desktop\DP1\PetClinic\dp1-2020-g2-08\target\classes\org\springframework\samples\petclinic\web\BookingController.class]: Unsatisfied dependency expressed through constructor parameter 0; nested exception is org.springframework.beans.factory.NoSuchBeanDefinitionException: No qualifying bean of type 'org.springframework.samples.petclinic.service.OwnerService' available: expected at least 1 bean which qualifies as autowire candidate. Dependency annotations: {}
2021-02-04 17:46:21,141 INFO org.springframework.orm.jpa.AbstractEntityManagerFactoryBean [restartedMain] Closing JPA EntityManagerFactory for persistence unit 'default'
2021-02-04 17:46:21,142 INFO org.hibernate.tool.schema.internal.SchemaDropperImpl$DelayedDropActionImpl [restartedMain] HHH000477: Starting delayed evictData of schema as part of SessionFactory shut-down'
2021-02-04 17:46:21,143 ERROR org.hibernate.tool.schema.internal.SchemaDropperImpl$DelayedDropActionImpl [restartedMain] HHH000478: Unsuccessful: 
    drop table bookings if exists
2021-02-04 17:46:21,145 ERROR org.hibernate.tool.schema.internal.SchemaDropperImpl$DelayedDropActionImpl [restartedMain] HHH000478: Unsuccessful: 
    drop table clients if exists
2021-02-04 17:46:21,147 ERROR org.hibernate.tool.schema.internal.SchemaDropperImpl$DelayedDropActionImpl [restartedMain] HHH000478: Unsuccessful: 
    drop table coupons if exists
2021-02-04 17:46:21,148 ERROR org.hibernate.tool.schema.internal.SchemaDropperImpl$DelayedDropActionImpl [restartedMain] HHH000478: Unsuccessful: 
    drop table hotel if exists
2021-02-04 17:46:21,150 ERROR org.hibernate.tool.schema.internal.SchemaDropperImpl$DelayedDropActionImpl [restartedMain] HHH000478: Unsuccessful: 
    drop table orders if exists
2021-02-04 17:46:21,153 ERROR org.hibernate.tool.schema.internal.SchemaDropperImpl$DelayedDropActionImpl [restartedMain] HHH000478: Unsuccessful: 
    drop table owners if exists
2021-02-04 17:46:21,159 ERROR org.hibernate.tool.schema.internal.SchemaDropperImpl$DelayedDropActionImpl [restartedMain] HHH000478: Unsuccessful: 
    drop table pets if exists
2021-02-04 17:46:21,171 ERROR org.hibernate.tool.schema.internal.SchemaDropperImpl$DelayedDropActionImpl [restartedMain] HHH000478: Unsuccessful: 
    drop table specialties if exists
2021-02-04 17:46:21,177 ERROR org.hibernate.tool.schema.internal.SchemaDropperImpl$DelayedDropActionImpl [restartedMain] HHH000478: Unsuccessful: 
    drop table types if exists
2021-02-04 17:46:21,179 ERROR org.hibernate.tool.schema.internal.SchemaDropperImpl$DelayedDropActionImpl [restartedMain] HHH000478: Unsuccessful: 
    drop table users if exists
2021-02-04 17:46:21,427 WARN org.springframework.beans.factory.support.DisposableBeanAdapter [restartedMain] Invocation of destroy method failed on bean with name 'inMemoryDatabaseShutdownExecutor': org.h2.jdbc.JdbcSQLNonTransientConnectionException: La base de datos ya esta cerrada (para des-habilitar el cerrado automatico durante el shutdown de la VM, agregue ";DB_CLOSE_ON_EXIT=FALSE" a la URL de conexión)
Database is already closed (to disable automatic closing at VM shutdown, add ";DB_CLOSE_ON_EXIT=FALSE" to the db URL) [90121-200]
2021-02-04 17:46:21,428 INFO com.zaxxer.hikari.HikariDataSource [restartedMain] HikariPool-4 - Shutdown initiated...
2021-02-04 17:46:21,431 INFO com.zaxxer.hikari.HikariDataSource [restartedMain] HikariPool-4 - Shutdown completed.
2021-02-04 17:46:21,433 INFO org.apache.juli.logging.DirectJDKLog [restartedMain] Stopping service [Tomcat]
2021-02-04 17:46:21,449 INFO org.springframework.boot.autoconfigure.logging.ConditionEvaluationReportLoggingListener [restartedMain] 

Error starting ApplicationContext. To display the conditions report re-run your application with 'debug' enabled.
2021-02-04 17:46:21,645 ERROR org.springframework.boot.diagnostics.LoggingFailureAnalysisReporter [restartedMain] 

***************************
APPLICATION FAILED TO START
***************************

Description:

Parameter 0 of constructor in org.springframework.samples.petclinic.web.BookingController required a bean of type 'org.springframework.samples.petclinic.service.OwnerService' that could not be found.


Action:

Consider defining a bean of type 'org.springframework.samples.petclinic.service.OwnerService' in your configuration.

2021-02-04 17:46:23,718 INFO org.springframework.boot.StartupInfoLogger [restartedMain] Starting PetclinicApplication on DESKTOP-KJCJN26 with PID 7160 (C:\Users\Manuel\Desktop\DP1\PetClinic\dp1-2020-g2-08\target\classes started by Manuel in C:\Users\Manuel\Desktop\DP1\PetClinic\dp1-2020-g2-08)
2021-02-04 17:46:23,719 INFO org.springframework.boot.SpringApplication [restartedMain] No active profile set, falling back to default profiles: default
2021-02-04 17:46:24,373 INFO org.springframework.data.repository.config.RepositoryConfigurationDelegate [restartedMain] Bootstrapping Spring Data JPA repositories in DEFAULT mode.
2021-02-04 17:46:24,490 INFO org.springframework.data.repository.config.RepositoryConfigurationDelegate [restartedMain] Finished Spring Data repository scanning in 116ms. Found 17 JPA repository interfaces.
2021-02-04 17:46:24,650 INFO org.springframework.context.support.PostProcessorRegistrationDelegate$BeanPostProcessorChecker [restartedMain] Bean 'org.springframework.transaction.annotation.ProxyTransactionManagementConfiguration' of type [org.springframework.transaction.annotation.ProxyTransactionManagementConfiguration] is not eligible for getting processed by all BeanPostProcessors (for example: not eligible for auto-proxying)
2021-02-04 17:46:24,744 INFO org.springframework.boot.web.embedded.tomcat.TomcatWebServer [restartedMain] Tomcat initialized with port(s): 8080 (http)
2021-02-04 17:46:24,747 INFO org.apache.juli.logging.DirectJDKLog [restartedMain] Starting service [Tomcat]
2021-02-04 17:46:24,747 INFO org.apache.juli.logging.DirectJDKLog [restartedMain] Starting Servlet engine: [Apache Tomcat/9.0.30]
2021-02-04 17:46:24,954 INFO org.apache.juli.logging.DirectJDKLog [restartedMain] At least one JAR was scanned for TLDs yet contained no TLDs. Enable debug logging for this logger for a complete list of JARs that were scanned but no TLDs were found in them. Skipping unneeded JARs during scanning can improve startup time and JSP compilation time.
2021-02-04 17:46:24,958 INFO org.apache.juli.logging.DirectJDKLog [restartedMain] Initializing Spring embedded WebApplicationContext
2021-02-04 17:46:24,959 INFO org.springframework.boot.web.servlet.context.ServletWebServerApplicationContext [restartedMain] Root WebApplicationContext: initialization completed in 1234 ms
2021-02-04 17:46:24,982 INFO com.zaxxer.hikari.HikariDataSource [restartedMain] HikariPool-5 - Starting...
2021-02-04 17:46:24,986 INFO com.zaxxer.hikari.HikariDataSource [restartedMain] HikariPool-5 - Start completed.
2021-02-04 17:46:24,987 INFO org.springframework.boot.autoconfigure.h2.H2ConsoleAutoConfiguration [restartedMain] H2 console available at '/h2-console'. Database available at 'jdbc:h2:mem:testdb'
2021-02-04 17:46:25,062 INFO org.hibernate.jpa.internal.util.LogHelper [restartedMain] HHH000204: Processing PersistenceUnitInfo [name: default]
2021-02-04 17:46:25,080 INFO org.hibernate.dialect.Dialect [restartedMain] HHH000400: Using dialect: org.hibernate.dialect.H2Dialect
2021-02-04 17:46:25,653 INFO org.hibernate.engine.transaction.jta.platform.internal.JtaPlatformInitiator [restartedMain] HHH000490: Using JtaPlatform implementation: [org.hibernate.engine.transaction.jta.platform.internal.NoJtaPlatform]
2021-02-04 17:46:25,654 INFO org.springframework.orm.jpa.AbstractEntityManagerFactoryBean [restartedMain] Initialized JPA EntityManagerFactory for persistence unit 'default'
2021-02-04 17:46:25,665 INFO org.springframework.boot.devtools.autoconfigure.OptionalLiveReloadServer [restartedMain] LiveReload server is running on port 35729
2021-02-04 17:46:25,779 WARN org.springframework.boot.autoconfigure.orm.jpa.JpaBaseConfiguration$JpaWebConfiguration [restartedMain] spring.jpa.open-in-view is enabled by default. Therefore, database queries may be performed during view rendering. Explicitly configure spring.jpa.open-in-view to disable this warning
2021-02-04 17:46:26,395 INFO org.springframework.security.web.DefaultSecurityFilterChain [restartedMain] Creating filter chain: any request, [org.springframework.security.web.context.request.async.WebAsyncManagerIntegrationFilter@4bf45d30, org.springframework.security.web.context.SecurityContextPersistenceFilter@281f1473, org.springframework.security.web.header.HeaderWriterFilter@18b66e6, org.springframework.security.web.csrf.CsrfFilter@78baf981, org.springframework.security.web.authentication.logout.LogoutFilter@3422d788, org.springframework.security.web.authentication.UsernamePasswordAuthenticationFilter@1137f30e, org.springframework.security.web.authentication.ui.DefaultLoginPageGeneratingFilter@51fd4dbd, org.springframework.security.web.authentication.ui.DefaultLogoutPageGeneratingFilter@621aaa43, org.springframework.security.web.savedrequest.RequestCacheAwareFilter@38f1aef1, org.springframework.security.web.servletapi.SecurityContextHolderAwareRequestFilter@6297435f, org.springframework.security.web.authentication.AnonymousAuthenticationFilter@e7c0d55, org.springframework.security.web.session.SessionManagementFilter@7c693fb, org.springframework.security.web.access.ExceptionTranslationFilter@32f45150, org.springframework.security.web.access.intercept.FilterSecurityInterceptor@440501f4]
2021-02-04 17:46:26,457 INFO org.springframework.scheduling.concurrent.ExecutorConfigurationSupport [restartedMain] Initializing ExecutorService 'applicationTaskExecutor'
2021-02-04 17:46:26,761 INFO org.springframework.boot.StartupInfoLogger [restartedMain] Starting PetclinicApplication on DESKTOP-KJCJN26 with PID 15152 (C:\Users\Manuel\Desktop\DP1\PetClinic\dp1-2020-g2-08\target\classes started by Manuel in C:\Users\Manuel\Desktop\DP1\PetClinic\dp1-2020-g2-08)
2021-02-04 17:46:26,767 INFO org.springframework.boot.SpringApplication [restartedMain] No active profile set, falling back to default profiles: default
2021-02-04 17:46:27,024 INFO org.springframework.boot.logging.DeferredLog [restartedMain] The Class-Path manifest attribute in C:\Users\Manuel\.m2\repository\org\glassfish\jaxb\jaxb-runtime\2.3.2\jaxb-runtime-2.3.2.jar referenced one or more files that do not exist: file:/C:/Users/Manuel/.m2/repository/org/glassfish/jaxb/jaxb-runtime/2.3.2/jakarta.xml.bind-api-2.3.2.jar,file:/C:/Users/Manuel/.m2/repository/org/glassfish/jaxb/jaxb-runtime/2.3.2/txw2-2.3.2.jar,file:/C:/Users/Manuel/.m2/repository/org/glassfish/jaxb/jaxb-runtime/2.3.2/istack-commons-runtime-3.0.8.jar,file:/C:/Users/Manuel/.m2/repository/org/glassfish/jaxb/jaxb-runtime/2.3.2/stax-ex-1.8.1.jar,file:/C:/Users/Manuel/.m2/repository/org/glassfish/jaxb/jaxb-runtime/2.3.2/FastInfoset-1.2.16.jar,file:/C:/Users/Manuel/.m2/repository/org/glassfish/jaxb/jaxb-runtime/2.3.2/jakarta.activation-api-1.2.1.jar
2021-02-04 17:46:27,028 INFO org.springframework.boot.logging.DeferredLog [restartedMain] Devtools property defaults active! Set 'spring.devtools.add-properties' to 'false' to disable
2021-02-04 17:46:27,029 INFO org.springframework.boot.logging.DeferredLog [restartedMain] For additional web related logging consider setting the 'logging.level.web' property to 'DEBUG'
2021-02-04 17:46:27,140 INFO org.springframework.boot.web.embedded.tomcat.TomcatWebServer [restartedMain] Tomcat started on port(s): 8080 (http) with context path ''
2021-02-04 17:46:27,142 INFO org.springframework.boot.StartupInfoLogger [restartedMain] Started PetclinicApplication in 3.496 seconds (JVM running for 400.457)
2021-02-04 17:46:27,145 INFO org.springframework.boot.devtools.autoconfigure.ConditionEvaluationDeltaLoggingListener [restartedMain] Condition evaluation unchanged
2021-02-04 17:46:27,146 INFO org.springframework.samples.petclinic.PetclinicApplication [restartedMain] Se ha lanzado la aplicacion
2021-02-04 17:46:28,475 INFO org.springframework.data.repository.config.RepositoryConfigurationDelegate [restartedMain] Bootstrapping Spring Data JPA repositories in DEFAULT mode.
2021-02-04 17:46:28,682 INFO org.springframework.data.repository.config.RepositoryConfigurationDelegate [restartedMain] Finished Spring Data repository scanning in 194ms. Found 17 JPA repository interfaces.
2021-02-04 17:46:29,374 INFO org.springframework.context.support.PostProcessorRegistrationDelegate$BeanPostProcessorChecker [restartedMain] Bean 'org.springframework.transaction.annotation.ProxyTransactionManagementConfiguration' of type [org.springframework.transaction.annotation.ProxyTransactionManagementConfiguration] is not eligible for getting processed by all BeanPostProcessors (for example: not eligible for auto-proxying)
2021-02-04 17:46:30,084 INFO org.springframework.boot.web.embedded.tomcat.TomcatWebServer [restartedMain] Tomcat initialized with port(s): 8080 (http)
2021-02-04 17:46:30,111 INFO org.apache.juli.logging.DirectJDKLog [restartedMain] Initializing ProtocolHandler ["http-nio-8080"]
2021-02-04 17:46:30,112 INFO org.apache.juli.logging.DirectJDKLog [restartedMain] Starting service [Tomcat]
2021-02-04 17:46:30,112 INFO org.apache.juli.logging.DirectJDKLog [restartedMain] Starting Servlet engine: [Apache Tomcat/9.0.30]
2021-02-04 17:46:30,560 INFO org.apache.juli.logging.DirectJDKLog [restartedMain] At least one JAR was scanned for TLDs yet contained no TLDs. Enable debug logging for this logger for a complete list of JARs that were scanned but no TLDs were found in them. Skipping unneeded JARs during scanning can improve startup time and JSP compilation time.
2021-02-04 17:46:30,576 INFO org.apache.juli.logging.DirectJDKLog [restartedMain] Initializing Spring embedded WebApplicationContext
2021-02-04 17:46:30,576 INFO org.springframework.boot.web.servlet.context.ServletWebServerApplicationContext [restartedMain] Root WebApplicationContext: initialization completed in 3547 ms
2021-02-04 17:46:30,808 INFO com.zaxxer.hikari.HikariDataSource [restartedMain] HikariPool-1 - Starting...
2021-02-04 17:46:31,132 INFO com.zaxxer.hikari.HikariDataSource [restartedMain] HikariPool-1 - Start completed.
2021-02-04 17:46:31,142 INFO org.springframework.boot.autoconfigure.h2.H2ConsoleAutoConfiguration [restartedMain] H2 console available at '/h2-console'. Database available at 'jdbc:h2:mem:testdb'
2021-02-04 17:46:31,652 INFO org.hibernate.jpa.internal.util.LogHelper [restartedMain] HHH000204: Processing PersistenceUnitInfo [name: default]
2021-02-04 17:46:31,757 INFO org.hibernate.Version [restartedMain] HHH000412: Hibernate Core {5.4.10.Final}
2021-02-04 17:46:31,974 INFO org.hibernate.annotations.common.reflection.java.JavaReflectionManager [restartedMain] HCANN000001: Hibernate Commons Annotations {5.1.0.Final}
2021-02-04 17:46:32,180 INFO org.hibernate.dialect.Dialect [restartedMain] HHH000400: Using dialect: org.hibernate.dialect.H2Dialect
2021-02-04 17:46:33,744 INFO org.hibernate.engine.transaction.jta.platform.internal.JtaPlatformInitiator [restartedMain] HHH000490: Using JtaPlatform implementation: [org.hibernate.engine.transaction.jta.platform.internal.NoJtaPlatform]
2021-02-04 17:46:33,753 INFO org.springframework.orm.jpa.AbstractEntityManagerFactoryBean [restartedMain] Initialized JPA EntityManagerFactory for persistence unit 'default'
2021-02-04 17:46:33,783 WARN org.springframework.boot.devtools.autoconfigure.OptionalLiveReloadServer [restartedMain] Unable to start LiveReload server
2021-02-04 17:46:34,034 WARN org.springframework.boot.autoconfigure.orm.jpa.JpaBaseConfiguration$JpaWebConfiguration [restartedMain] spring.jpa.open-in-view is enabled by default. Therefore, database queries may be performed during view rendering. Explicitly configure spring.jpa.open-in-view to disable this warning
2021-02-04 17:46:35,477 INFO org.springframework.security.web.DefaultSecurityFilterChain [restartedMain] Creating filter chain: any request, [org.springframework.security.web.context.request.async.WebAsyncManagerIntegrationFilter@32201436, org.springframework.security.web.context.SecurityContextPersistenceFilter@6976861f, org.springframework.security.web.header.HeaderWriterFilter@63cb8566, org.springframework.security.web.csrf.CsrfFilter@8b32d4d, org.springframework.security.web.authentication.logout.LogoutFilter@6d51bd38, org.springframework.security.web.authentication.UsernamePasswordAuthenticationFilter@6a490106, org.springframework.security.web.authentication.ui.DefaultLoginPageGeneratingFilter@55275cf4, org.springframework.security.web.authentication.ui.DefaultLogoutPageGeneratingFilter@61ecac59, org.springframework.security.web.savedrequest.RequestCacheAwareFilter@475da6d3, org.springframework.security.web.servletapi.SecurityContextHolderAwareRequestFilter@704ef84a, org.springframework.security.web.authentication.AnonymousAuthenticationFilter@17c7c28e, org.springframework.security.web.session.SessionManagementFilter@12cb12c0, org.springframework.security.web.access.ExceptionTranslationFilter@2adeb9f3, org.springframework.security.web.access.intercept.FilterSecurityInterceptor@570fe4dd]
2021-02-04 17:46:35,736 INFO org.springframework.scheduling.concurrent.ExecutorConfigurationSupport [restartedMain] Initializing ExecutorService 'applicationTaskExecutor'
2021-02-04 17:46:36,759 INFO org.springframework.boot.actuate.endpoint.web.EndpointLinksResolver [restartedMain] Exposing 13 endpoint(s) beneath base path '/actuator'
2021-02-04 17:46:36,814 INFO org.apache.juli.logging.DirectJDKLog [restartedMain] Starting ProtocolHandler ["http-nio-8080"]
2021-02-04 17:46:36,832 INFO org.apache.juli.logging.DirectJDKLog [restartedMain] Pausing ProtocolHandler ["http-nio-8080"]
2021-02-04 17:46:36,833 INFO org.apache.juli.logging.DirectJDKLog [restartedMain] Stopping service [Tomcat]
2021-02-04 17:46:36,838 WARN org.apache.juli.logging.DirectJDKLog [restartedMain] The web application [ROOT] appears to have started a thread named [HikariPool-1 housekeeper] but has failed to stop it. This is very likely to create a memory leak. Stack trace of thread:
 java.base@11.0.8/jdk.internal.misc.Unsafe.park(Native Method)
 java.base@11.0.8/java.util.concurrent.locks.LockSupport.parkNanos(LockSupport.java:234)
 java.base@11.0.8/java.util.concurrent.locks.AbstractQueuedSynchronizer$ConditionObject.awaitNanos(AbstractQueuedSynchronizer.java:2123)
 java.base@11.0.8/java.util.concurrent.ScheduledThreadPoolExecutor$DelayedWorkQueue.take(ScheduledThreadPoolExecutor.java:1182)
 java.base@11.0.8/java.util.concurrent.ScheduledThreadPoolExecutor$DelayedWorkQueue.take(ScheduledThreadPoolExecutor.java:899)
 java.base@11.0.8/java.util.concurrent.ThreadPoolExecutor.getTask(ThreadPoolExecutor.java:1054)
 java.base@11.0.8/java.util.concurrent.ThreadPoolExecutor.runWorker(ThreadPoolExecutor.java:1114)
 java.base@11.0.8/java.util.concurrent.ThreadPoolExecutor$Worker.run(ThreadPoolExecutor.java:628)
 java.base@11.0.8/java.lang.Thread.run(Thread.java:834)
2021-02-04 17:46:36,839 INFO org.apache.juli.logging.DirectJDKLog [restartedMain] Stopping ProtocolHandler ["http-nio-8080"]
2021-02-04 17:46:36,840 INFO org.apache.juli.logging.DirectJDKLog [restartedMain] Destroying ProtocolHandler ["http-nio-8080"]
2021-02-04 17:46:36,844 INFO org.springframework.boot.autoconfigure.logging.ConditionEvaluationReportLoggingListener [restartedMain] 

Error starting ApplicationContext. To display the conditions report re-run your application with 'debug' enabled.
2021-02-04 17:46:36,847 ERROR org.springframework.boot.diagnostics.LoggingFailureAnalysisReporter [restartedMain] 

***************************
APPLICATION FAILED TO START
***************************

Description:

Web server failed to start. Port 8080 was already in use.

Action:

Identify and stop the process that's listening on port 8080 or configure this application to listen on another port.

2021-02-04 17:46:36,852 INFO org.springframework.scheduling.concurrent.ExecutorConfigurationSupport [restartedMain] Shutting down ExecutorService 'applicationTaskExecutor'
2021-02-04 17:46:36,861 INFO org.springframework.orm.jpa.AbstractEntityManagerFactoryBean [restartedMain] Closing JPA EntityManagerFactory for persistence unit 'default'
2021-02-04 17:46:36,862 INFO org.hibernate.tool.schema.internal.SchemaDropperImpl$DelayedDropActionImpl [restartedMain] HHH000477: Starting delayed evictData of schema as part of SessionFactory shut-down'
2021-02-04 17:46:36,870 ERROR org.hibernate.tool.schema.internal.SchemaDropperImpl$DelayedDropActionImpl [restartedMain] HHH000478: Unsuccessful: 
    drop table bookings if exists
2021-02-04 17:46:36,870 ERROR org.hibernate.tool.schema.internal.SchemaDropperImpl$DelayedDropActionImpl [restartedMain] HHH000478: Unsuccessful: 
    drop table clients if exists
2021-02-04 17:46:36,874 ERROR org.hibernate.tool.schema.internal.SchemaDropperImpl$DelayedDropActionImpl [restartedMain] HHH000478: Unsuccessful: 
    drop table coupons if exists
2021-02-04 17:46:36,875 ERROR org.hibernate.tool.schema.internal.SchemaDropperImpl$DelayedDropActionImpl [restartedMain] HHH000478: Unsuccessful: 
    drop table hotel if exists
2021-02-04 17:46:36,875 ERROR org.hibernate.tool.schema.internal.SchemaDropperImpl$DelayedDropActionImpl [restartedMain] HHH000478: Unsuccessful: 
    drop table orders if exists
2021-02-04 17:46:36,879 ERROR org.hibernate.tool.schema.internal.SchemaDropperImpl$DelayedDropActionImpl [restartedMain] HHH000478: Unsuccessful: 
    drop table owners if exists
2021-02-04 17:46:36,881 ERROR org.hibernate.tool.schema.internal.SchemaDropperImpl$DelayedDropActionImpl [restartedMain] HHH000478: Unsuccessful: 
    drop table pets if exists
2021-02-04 17:46:36,890 ERROR org.hibernate.tool.schema.internal.SchemaDropperImpl$DelayedDropActionImpl [restartedMain] HHH000478: Unsuccessful: 
    drop table specialties if exists
2021-02-04 17:46:36,891 ERROR org.hibernate.tool.schema.internal.SchemaDropperImpl$DelayedDropActionImpl [restartedMain] HHH000478: Unsuccessful: 
    drop table types if exists
2021-02-04 17:46:36,892 ERROR org.hibernate.tool.schema.internal.SchemaDropperImpl$DelayedDropActionImpl [restartedMain] HHH000478: Unsuccessful: 
    drop table users if exists
2021-02-04 17:46:37,115 WARN org.springframework.beans.factory.support.DisposableBeanAdapter [restartedMain] Invocation of destroy method failed on bean with name 'inMemoryDatabaseShutdownExecutor': org.h2.jdbc.JdbcSQLNonTransientConnectionException: La base de datos ya esta cerrada (para des-habilitar el cerrado automatico durante el shutdown de la VM, agregue ";DB_CLOSE_ON_EXIT=FALSE" a la URL de conexión)
Database is already closed (to disable automatic closing at VM shutdown, add ";DB_CLOSE_ON_EXIT=FALSE" to the db URL) [90121-200]
2021-02-04 17:46:37,116 INFO com.zaxxer.hikari.HikariDataSource [restartedMain] HikariPool-1 - Shutdown initiated...
2021-02-04 17:46:37,122 INFO com.zaxxer.hikari.HikariDataSource [restartedMain] HikariPool-1 - Shutdown completed.
2021-02-04 17:47:05,627 INFO org.springframework.scheduling.concurrent.ExecutorConfigurationSupport [Thread-20] Shutting down ExecutorService 'applicationTaskExecutor'
2021-02-04 17:47:05,631 INFO org.springframework.orm.jpa.AbstractEntityManagerFactoryBean [Thread-20] Closing JPA EntityManagerFactory for persistence unit 'default'
2021-02-04 17:47:05,632 INFO org.hibernate.tool.schema.internal.SchemaDropperImpl$DelayedDropActionImpl [Thread-20] HHH000477: Starting delayed evictData of schema as part of SessionFactory shut-down'
2021-02-04 17:47:05,635 ERROR org.hibernate.tool.schema.internal.SchemaDropperImpl$DelayedDropActionImpl [Thread-20] HHH000478: Unsuccessful: 
    drop table bookings if exists
2021-02-04 17:47:05,637 ERROR org.hibernate.tool.schema.internal.SchemaDropperImpl$DelayedDropActionImpl [Thread-20] HHH000478: Unsuccessful: 
    drop table clients if exists
2021-02-04 17:47:05,638 ERROR org.hibernate.tool.schema.internal.SchemaDropperImpl$DelayedDropActionImpl [Thread-20] HHH000478: Unsuccessful: 
    drop table coupons if exists
2021-02-04 17:47:05,640 ERROR org.hibernate.tool.schema.internal.SchemaDropperImpl$DelayedDropActionImpl [Thread-20] HHH000478: Unsuccessful: 
    drop table hotel if exists
2021-02-04 17:47:05,640 ERROR org.hibernate.tool.schema.internal.SchemaDropperImpl$DelayedDropActionImpl [Thread-20] HHH000478: Unsuccessful: 
    drop table orders if exists
2021-02-04 17:47:05,641 ERROR org.hibernate.tool.schema.internal.SchemaDropperImpl$DelayedDropActionImpl [Thread-20] HHH000478: Unsuccessful: 
    drop table owners if exists
2021-02-04 17:47:05,642 ERROR org.hibernate.tool.schema.internal.SchemaDropperImpl$DelayedDropActionImpl [Thread-20] HHH000478: Unsuccessful: 
    drop table pets if exists
2021-02-04 17:47:05,645 ERROR org.hibernate.tool.schema.internal.SchemaDropperImpl$DelayedDropActionImpl [Thread-20] HHH000478: Unsuccessful: 
    drop table specialties if exists
2021-02-04 17:47:05,645 ERROR org.hibernate.tool.schema.internal.SchemaDropperImpl$DelayedDropActionImpl [Thread-20] HHH000478: Unsuccessful: 
    drop table types if exists
2021-02-04 17:47:05,645 ERROR org.hibernate.tool.schema.internal.SchemaDropperImpl$DelayedDropActionImpl [Thread-20] HHH000478: Unsuccessful: 
    drop table users if exists
2021-02-04 17:47:05,852 WARN org.springframework.beans.factory.support.DisposableBeanAdapter [Thread-20] Invocation of destroy method failed on bean with name 'inMemoryDatabaseShutdownExecutor': org.h2.jdbc.JdbcSQLNonTransientConnectionException: La base de datos ya esta cerrada (para des-habilitar el cerrado automatico durante el shutdown de la VM, agregue ";DB_CLOSE_ON_EXIT=FALSE" a la URL de conexión)
Database is already closed (to disable automatic closing at VM shutdown, add ";DB_CLOSE_ON_EXIT=FALSE" to the db URL) [90121-200]
2021-02-04 17:47:05,852 INFO com.zaxxer.hikari.HikariDataSource [Thread-20] HikariPool-5 - Shutdown initiated...
2021-02-04 17:47:05,853 INFO com.zaxxer.hikari.HikariDataSource [Thread-20] HikariPool-5 - Shutdown completed.
2021-02-04 17:47:06,223 INFO org.springframework.boot.StartupInfoLogger [restartedMain] Starting PetclinicApplication on DESKTOP-KJCJN26 with PID 7160 (C:\Users\Manuel\Desktop\DP1\PetClinic\dp1-2020-g2-08\target\classes started by Manuel in C:\Users\Manuel\Desktop\DP1\PetClinic\dp1-2020-g2-08)
2021-02-04 17:47:06,223 INFO org.springframework.boot.SpringApplication [restartedMain] No active profile set, falling back to default profiles: default
2021-02-04 17:47:06,451 INFO org.springframework.data.repository.config.RepositoryConfigurationDelegate [restartedMain] Bootstrapping Spring Data JPA repositories in DEFAULT mode.
2021-02-04 17:47:06,505 INFO org.springframework.data.repository.config.RepositoryConfigurationDelegate [restartedMain] Finished Spring Data repository scanning in 54ms. Found 17 JPA repository interfaces.
2021-02-04 17:47:06,572 INFO org.springframework.context.support.PostProcessorRegistrationDelegate$BeanPostProcessorChecker [restartedMain] Bean 'org.springframework.transaction.annotation.ProxyTransactionManagementConfiguration' of type [org.springframework.transaction.annotation.ProxyTransactionManagementConfiguration] is not eligible for getting processed by all BeanPostProcessors (for example: not eligible for auto-proxying)
2021-02-04 17:47:06,634 INFO org.springframework.boot.web.embedded.tomcat.TomcatWebServer [restartedMain] Tomcat initialized with port(s): 8080 (http)
2021-02-04 17:47:06,635 INFO org.apache.juli.logging.DirectJDKLog [restartedMain] Starting service [Tomcat]
2021-02-04 17:47:06,636 INFO org.apache.juli.logging.DirectJDKLog [restartedMain] Starting Servlet engine: [Apache Tomcat/9.0.30]
2021-02-04 17:47:06,737 INFO org.apache.juli.logging.DirectJDKLog [restartedMain] At least one JAR was scanned for TLDs yet contained no TLDs. Enable debug logging for this logger for a complete list of JARs that were scanned but no TLDs were found in them. Skipping unneeded JARs during scanning can improve startup time and JSP compilation time.
2021-02-04 17:47:06,740 INFO org.apache.juli.logging.DirectJDKLog [restartedMain] Initializing Spring embedded WebApplicationContext
2021-02-04 17:47:06,740 INFO org.springframework.boot.web.servlet.context.ServletWebServerApplicationContext [restartedMain] Root WebApplicationContext: initialization completed in 514 ms
2021-02-04 17:47:06,755 INFO com.zaxxer.hikari.HikariDataSource [restartedMain] HikariPool-6 - Starting...
2021-02-04 17:47:06,760 INFO com.zaxxer.hikari.HikariDataSource [restartedMain] HikariPool-6 - Start completed.
2021-02-04 17:47:06,760 INFO org.springframework.boot.autoconfigure.h2.H2ConsoleAutoConfiguration [restartedMain] H2 console available at '/h2-console'. Database available at 'jdbc:h2:mem:testdb'
2021-02-04 17:47:06,811 INFO org.hibernate.jpa.internal.util.LogHelper [restartedMain] HHH000204: Processing PersistenceUnitInfo [name: default]
2021-02-04 17:47:06,820 INFO org.hibernate.dialect.Dialect [restartedMain] HHH000400: Using dialect: org.hibernate.dialect.H2Dialect
2021-02-04 17:47:07,099 INFO org.hibernate.engine.transaction.jta.platform.internal.JtaPlatformInitiator [restartedMain] HHH000490: Using JtaPlatform implementation: [org.hibernate.engine.transaction.jta.platform.internal.NoJtaPlatform]
2021-02-04 17:47:07,100 INFO org.springframework.orm.jpa.AbstractEntityManagerFactoryBean [restartedMain] Initialized JPA EntityManagerFactory for persistence unit 'default'
2021-02-04 17:47:07,107 INFO org.springframework.boot.devtools.autoconfigure.OptionalLiveReloadServer [restartedMain] LiveReload server is running on port 35729
2021-02-04 17:47:07,170 WARN org.springframework.boot.autoconfigure.orm.jpa.JpaBaseConfiguration$JpaWebConfiguration [restartedMain] spring.jpa.open-in-view is enabled by default. Therefore, database queries may be performed during view rendering. Explicitly configure spring.jpa.open-in-view to disable this warning
2021-02-04 17:47:07,490 INFO org.springframework.security.web.DefaultSecurityFilterChain [restartedMain] Creating filter chain: any request, [org.springframework.security.web.context.request.async.WebAsyncManagerIntegrationFilter@17c3d325, org.springframework.security.web.context.SecurityContextPersistenceFilter@6b5e9ea9, org.springframework.security.web.header.HeaderWriterFilter@9214459, org.springframework.security.web.csrf.CsrfFilter@59eed804, org.springframework.security.web.authentication.logout.LogoutFilter@3e3824ad, org.springframework.security.web.authentication.UsernamePasswordAuthenticationFilter@4ff2af0e, org.springframework.security.web.authentication.ui.DefaultLoginPageGeneratingFilter@35d4e937, org.springframework.security.web.authentication.ui.DefaultLogoutPageGeneratingFilter@3bc925cc, org.springframework.security.web.savedrequest.RequestCacheAwareFilter@8338fec, org.springframework.security.web.servletapi.SecurityContextHolderAwareRequestFilter@b33013f, org.springframework.security.web.authentication.AnonymousAuthenticationFilter@3f43e2a6, org.springframework.security.web.session.SessionManagementFilter@445f40de, org.springframework.security.web.access.ExceptionTranslationFilter@1c9ff23c, org.springframework.security.web.access.intercept.FilterSecurityInterceptor@453826dd]
2021-02-04 17:47:07,530 INFO org.springframework.scheduling.concurrent.ExecutorConfigurationSupport [restartedMain] Initializing ExecutorService 'applicationTaskExecutor'
2021-02-04 17:47:07,829 INFO org.springframework.boot.web.embedded.tomcat.TomcatWebServer [restartedMain] Tomcat started on port(s): 8080 (http) with context path ''
2021-02-04 17:47:07,830 INFO org.springframework.boot.StartupInfoLogger [restartedMain] Started PetclinicApplication in 1.653 seconds (JVM running for 441.145)
2021-02-04 17:47:07,832 INFO org.springframework.boot.devtools.autoconfigure.ConditionEvaluationDeltaLoggingListener [restartedMain] Condition evaluation unchanged
2021-02-04 17:47:07,832 INFO org.springframework.samples.petclinic.PetclinicApplication [restartedMain] Se ha lanzado la aplicacion
2021-02-04 17:47:19,829 INFO org.apache.juli.logging.DirectJDKLog [http-nio-8080-exec-1] Initializing Spring DispatcherServlet 'dispatcherServlet'
2021-02-04 17:47:19,835 INFO org.springframework.web.servlet.FrameworkServlet [http-nio-8080-exec-1] Initializing Servlet 'dispatcherServlet'
2021-02-04 17:47:19,840 INFO org.springframework.web.servlet.FrameworkServlet [http-nio-8080-exec-1] Completed initialization in 3 ms
2021-02-04 21:59:11,501 WARN com.zaxxer.hikari.pool.HikariPool$HouseKeeper [HikariPool-6 housekeeper] HikariPool-6 - Thread starvation or clock leap detected (housekeeper delta=2h25m2s992ms74µs300ns).
